0 info it worked if it ends with ok
1 verbose cli [ '/usr/local/bin/node',
1 verbose cli   '/usr/local/bin/npm',
1 verbose cli   'install',
1 verbose cli   'jshint',
1 verbose cli   '--save-dev' ]
2 info using npm@3.10.7
3 info using node@v6.8.1
4 silly loadCurrentTree Starting
5 silly install loadCurrentTree
6 silly install readLocalPackageData
7 silly fetchPackageMetaData jshint
8 silly fetchNamedPackageData jshint
9 silly mapToRegistry name jshint
10 silly mapToRegistry using default registry
11 silly mapToRegistry registry https://registry.npmjs.org/
12 silly mapToRegistry data Result {
12 silly mapToRegistry   raw: 'jshint',
12 silly mapToRegistry   scope: null,
12 silly mapToRegistry   escapedName: 'jshint',
12 silly mapToRegistry   name: 'jshint',
12 silly mapToRegistry   rawSpec: '',
12 silly mapToRegistry   spec: 'latest',
12 silly mapToRegistry   type: 'tag' }
13 silly mapToRegistry uri https://registry.npmjs.org/jshint
14 verbose request uri https://registry.npmjs.org/jshint
15 verbose request no auth needed
16 info attempt registry request try #1 at 11:20:33 AM
17 verbose request id 989a5ff1889326eb
18 verbose etag "F4Z6EWJP83RNRZS6XSSAJXBLQ"
19 http request GET https://registry.npmjs.org/jshint
20 http 200 https://registry.npmjs.org/jshint
21 verbose headers { server: 'CouchDB/1.6.1 (Erlang OTP/R16B03)',
21 verbose headers   etag: '"9C7I7GIFOURJO7NGL3IRU79OR"',
21 verbose headers   'content-type': 'application/json',
21 verbose headers   'content-encoding': 'gzip',
21 verbose headers   'cache-control': 'max-age=300',
21 verbose headers   'content-length': '15187',
21 verbose headers   'accept-ranges': 'bytes',
21 verbose headers   date: 'Fri, 21 Oct 2016 03:20:34 GMT',
21 verbose headers   via: '1.1 varnish',
21 verbose headers   age: '168',
21 verbose headers   connection: 'keep-alive',
21 verbose headers   'x-served-by': 'cache-itm7426-ITM',
21 verbose headers   'x-cache': 'HIT',
21 verbose headers   'x-cache-hits': '2',
21 verbose headers   'x-timer': 'S1477020034.328565,VS0,VE0',
21 verbose headers   vary: 'Accept-Encoding' }
22 silly get cb [ 200,
22 silly get   { server: 'CouchDB/1.6.1 (Erlang OTP/R16B03)',
22 silly get     etag: '"9C7I7GIFOURJO7NGL3IRU79OR"',
22 silly get     'content-type': 'application/json',
22 silly get     'content-encoding': 'gzip',
22 silly get     'cache-control': 'max-age=300',
22 silly get     'content-length': '15187',
22 silly get     'accept-ranges': 'bytes',
22 silly get     date: 'Fri, 21 Oct 2016 03:20:34 GMT',
22 silly get     via: '1.1 varnish',
22 silly get     age: '168',
22 silly get     connection: 'keep-alive',
22 silly get     'x-served-by': 'cache-itm7426-ITM',
22 silly get     'x-cache': 'HIT',
22 silly get     'x-cache-hits': '2',
22 silly get     'x-timer': 'S1477020034.328565,VS0,VE0',
22 silly get     vary: 'Accept-Encoding' } ]
23 verbose get saving jshint to /Users/leilei/.npm/registry.npmjs.org/jshint/.cache.json
24 verbose correctMkdir /Users/leilei/.npm correctMkdir not in flight; initializing
25 silly install normalizeTree
26 silly loadCurrentTree Finishing
27 silly loadIdealTree Starting
28 silly install loadIdealTree
29 silly cloneCurrentTree Starting
30 silly install cloneCurrentTreeToIdealTree
31 silly cloneCurrentTree Finishing
32 silly loadShrinkwrap Starting
33 silly install loadShrinkwrap
34 silly loadShrinkwrap Finishing
35 silly loadAllDepsIntoIdealTree Starting
36 silly install loadAllDepsIntoIdealTree
37 silly resolveWithNewModule jshint@2.9.4 checking installable status
38 silly cache add args [ 'jshint', null ]
39 verbose cache add spec jshint
40 silly cache add parsed spec Result {
40 silly cache add   raw: 'jshint',
40 silly cache add   scope: null,
40 silly cache add   escapedName: 'jshint',
40 silly cache add   name: 'jshint',
40 silly cache add   rawSpec: '',
40 silly cache add   spec: 'latest',
40 silly cache add   type: 'tag' }
41 silly addNamed jshint@latest
42 verbose addNamed "latest" is being treated as a dist-tag for jshint
43 info addNameTag [ 'jshint', 'latest' ]
44 silly mapToRegistry name jshint
45 silly mapToRegistry using default registry
46 silly mapToRegistry registry https://registry.npmjs.org/
47 silly mapToRegistry data Result {
47 silly mapToRegistry   raw: 'jshint',
47 silly mapToRegistry   scope: null,
47 silly mapToRegistry   escapedName: 'jshint',
47 silly mapToRegistry   name: 'jshint',
47 silly mapToRegistry   rawSpec: '',
47 silly mapToRegistry   spec: 'latest',
47 silly mapToRegistry   type: 'tag' }
48 silly mapToRegistry uri https://registry.npmjs.org/jshint
49 verbose addNameTag registry:https://registry.npmjs.org/jshint not in flight; fetching
50 verbose get https://registry.npmjs.org/jshint not expired, no request
51 silly addNameTag next cb for jshint with tag latest
52 silly addNamed jshint@2.9.4
53 verbose addNamed "2.9.4" is a plain semver version for jshint
54 silly mapToRegistry name jshint
55 silly mapToRegistry using default registry
56 silly mapToRegistry registry https://registry.npmjs.org/
57 silly mapToRegistry data Result {
57 silly mapToRegistry   raw: 'jshint',
57 silly mapToRegistry   scope: null,
57 silly mapToRegistry   escapedName: 'jshint',
57 silly mapToRegistry   name: 'jshint',
57 silly mapToRegistry   rawSpec: '',
57 silly mapToRegistry   spec: 'latest',
57 silly mapToRegistry   type: 'tag' }
58 silly mapToRegistry uri https://registry.npmjs.org/jshint
59 verbose addRemoteTarball https://registry.npmjs.org/jshint/-/jshint-2.9.4.tgz not in flight; adding
60 verbose addRemoteTarball [ 'https://registry.npmjs.org/jshint/-/jshint-2.9.4.tgz',
60 verbose addRemoteTarball   '5e3ba97848d5290273db514aee47fe24cf592934' ]
61 info retry fetch attempt 1 at 11:20:35 AM
62 info attempt registry request try #1 at 11:20:35 AM
63 http fetch GET https://registry.npmjs.org/jshint/-/jshint-2.9.4.tgz
64 http fetch 200 https://registry.npmjs.org/jshint/-/jshint-2.9.4.tgz
65 info retry will retry, error on last attempt: Error: read ECONNRESET
66 silly fetchAndShaCheck shasum 5e3ba97848d5290273db514aee47fe24cf592934
67 silly rollbackFailedOptional Starting
68 silly rollbackFailedOptional Finishing
69 silly runTopLevelLifecycles Finishing
70 silly install printInstalled
71 verbose stack Error: shasum check failed for /var/folders/9d/7h6yfb712nx5394_g8kf8j3r0000gn/T/npm-2664-2ccab1ce/registry.npmjs.org/jshint/-/jshint-2.9.4.tgz
71 verbose stack Expected: 5e3ba97848d5290273db514aee47fe24cf592934
71 verbose stack Actual:   885ac47c5d69753418ca8ac263f5c10b24b18361
71 verbose stack From:     https://registry.npmjs.org/jshint/-/jshint-2.9.4.tgz
71 verbose stack     at /usr/local/lib/node_modules/npm/node_modules/sha/index.js:25:8
71 verbose stack     at ReadStream.<anonymous> (/usr/local/lib/node_modules/npm/node_modules/sha/index.js:72:7)
71 verbose stack     at emitNone (events.js:91:20)
71 verbose stack     at ReadStream.emit (events.js:185:7)
71 verbose stack     at endReadableNT (_stream_readable.js:974:12)
71 verbose stack     at _combinedTickCallback (internal/process/next_tick.js:74:11)
71 verbose stack     at process._tickCallback (internal/process/next_tick.js:98:9)
72 verbose cwd /Users/leilei/Projects/jyb_lianxi/messageBoardn
73 error Darwin 14.5.0
74 error argv "/usr/local/bin/node" "/usr/local/bin/npm" "install" "jshint" "--save-dev"
75 error node v6.8.1
76 error npm  v3.10.7
77 error shasum check failed for /var/folders/9d/7h6yfb712nx5394_g8kf8j3r0000gn/T/npm-2664-2ccab1ce/registry.npmjs.org/jshint/-/jshint-2.9.4.tgz
77 error Expected: 5e3ba97848d5290273db514aee47fe24cf592934
77 error Actual:   885ac47c5d69753418ca8ac263f5c10b24b18361
77 error From:     https://registry.npmjs.org/jshint/-/jshint-2.9.4.tgz
78 error If you need help, you may report this error at:
78 error     <https://github.com/npm/npm/issues>
79 verbose exit [ 1, true ]
